

> web@ build /Users/gabrielfonseca/Documents/Projects/site/apps/web
> next build && npx contentlayer dev

   [1m[38;2;173;127;168m▲ Next.js 15.1.0[39m[22m
   - Environments: .env

 [37m[1m [22m[39m Creating an optimized production build ...
Generated 6 documents in .contentlayer
[33m [33m[1m⚠[22m[39m Compiled with warnings
[39m
[33m../../node_modules/.pnpm/framer-motion@11.15.0_react-dom@19.0.0_react@19.0.0__react@19.0.0/node_modules/framer-motion/dist/es/render/dom/utils/filter-props.mjs
Module not found: Can't resolve '@emotion/is-prop-valid' in '/Users/gabrielfonseca/Documents/Projects/site/node_modules/.pnpm/framer-motion@11.15.0_react-dom@19.0.0_react@19.0.0__react@19.0.0/node_modules/framer-motion/dist/es/render/dom/utils'

Import trace for requested module:
../../node_modules/.pnpm/framer-motion@11.15.0_react-dom@19.0.0_react@19.0.0__react@19.0.0/node_modules/framer-motion/dist/es/render/dom/utils/filter-props.mjs
../../node_modules/.pnpm/framer-motion@11.15.0_react-dom@19.0.0_react@19.0.0__react@19.0.0/node_modules/framer-motion/dist/es/index.mjs
../../packages/design-system/components/spinner.tsx[39m
[33m[39m
[?25l [37m[1m [22m[39m Linting and checking validity of types  [36m.[39m[2K[1G [37m[1m [22m[39m Linting and checking validity of types  [36m..[39m[2K[1G [37m[1m [22m[39m Linting and checking validity of types  [36m...[39m[2K[1G [37m[1m [22m[39m Linting and checking validity of types  [36m.[39m[2K[1G [37m[1m [22m[39m Linting and checking validity of types  [36m..[39m[2K[1G [37m[1m [22m[39m Linting and checking validity of types  [36m...[39m[2K[1G [37m[1m [22m[39m Linting and checking validity of types  [36m.[39m[2K[1G [37m[1m [22m[39m Linting and checking validity of types  [36m..[39m[2K[1G [37m[1m [22m[39m Linting and checking validity of types  [36m...[39m[2K[1G [37m[1m [22m[39m Linting and checking validity of types  [36m.[39m[2K[1G [37m[1m [22m[39m Linting and checking validity of types  [36m..[39m[2K[1G [37m[1m [22m[39m Linting and checking validity of types  [36m...[39m[2K[1G [37m[1m [22m[39m Linting and checking validity of types  [36m.[39m[31mFailed to compile.
[39m
[36msrc/app/(app)/newsletter/unsubscribe/route.ts[39m
[31m[1mType error[22m[39m: Route "[1msrc/app/(app)/newsletter/unsubscribe/route.ts[22m" has an invalid export:
  "[1mnull[22m" is not a valid POST return type:
    Expected "[1mvoid | Response | Promise<void | Response>[22m", got "[1mnull[22m".

[?25h[41m[30m ELIFECYCLE [39m[49m [31mCommand failed with exit code 1.[39m
