
[2K[1G[1myarn run v1.22.19[22m
[2K[1G[2m$ next build[22m
  [1m[38;2;173;127;168m▲ Next.js 14.2.3[39m[22m
  - Environments: .env

 [37m[1m [22m[39m Creating an optimized production build ...
Generated 4 documents in .contentlayer
 [32m[1m✓[22m[39m Compiled successfully
[?25l [37m[1m [22m[39m Linting and checking validity of types  [36m.[39m[2K[1G [37m[1m [22m[39m Linting and checking validity of types  [36m..[39m[2K[1G [37m[1m [22m[39m Linting and checking validity of types  [36m...[39m[2K[1G [37m[1m [22m[39m Linting and checking validity of types  [36m.[39m[2K[1G [37m[1m [22m[39m Linting and checking validity of types  [36m..[39m[2K[1G [37m[1m [22m[39m Linting and checking validity of types  [36m...[39m[2K[1G [37m[1m [22m[39m Linting and checking validity of types  [36m.[39m[2K[1G [37m[1m [22m[39m Linting and checking validity of types  [36m..[39m[2K[1G[?25h
[36m./src/components/confetti.tsx[39m
[33m35[39m:[33m9[39m  [33m[1mWarning[22m[39m: 'requestAnimationFrame' is not defined.  [90m[1mno-undef[22m[39m

[36m./src/components/spotlight.tsx[39m
[33m65[39m:[33m5[39m  [33m[1mWarning[22m[39m: 'document' is not defined.  [90m[1mno-undef[22m[39m
[33m66[39m:[33m18[39m  [33m[1mWarning[22m[39m: 'document' is not defined.  [90m[1mno-undef[22m[39m

[36m./src/emails/new-subscriber.tsx[39m
[33m41[39m:[33m23[39m  [33m[1mWarning[22m[39m: 'email' is defined but never used.  [90m[1mno-unused-vars[22m[39m

[36m./src/hooks/use-media-query.ts[39m
[33m15[39m:[33m20[39m  [33m[1mWarning[22m[39m: 'matchMedia' is not defined.  [90m[1mno-undef[22m[39m

[36minfo[39m  - Need to disable some ESLint rules? Learn more here: https://nextjs.org/docs/basic-features/eslint#disabling-rules
[?25l [37m[1m [22m[39m Linting and checking validity of types  [36m.[39m[2K[1G [37m[1m [22m[39m Linting and checking validity of types  [36m..[39m[2K[1G [37m[1m [22m[39m Linting and checking validity of types  [36m...[39m[31mFailed to compile.
[39m
[36m../../packages/config-prisma/src/client.ts[39m:[33m4[39m:[33m30[39m
[31m[1mType error[22m[39m: Element implicitly has an 'any' type because type 'typeof globalThis' has no index signature.

[0m [90m 2 |[39m[0m
[0m [90m 3 |[39m [90m// Create a new prisma client[39m[0m
[0m[31m[1m>[22m[39m[90m 4 |[39m [36mexport[39m [36mconst[39m prisma [33m=[39m global[33m.[39mprisma [33m||[39m [36mnew[39m [33mPrismaClient[39m()[33m;[39m[0m
[0m [90m   |[39m                              [31m[1m^[22m[39m[0m
[0m [90m 5 |[39m[0m
[0m [90m 6 |[39m [90m// If we're in development, let's set the global prisma object[39m[0m
[0m [90m 7 |[39m [36mif[39m (process[33m.[39menv[33m.[39m[33mNODE_ENV[39m [33m!==[39m [32m"production"[39m) global[33m.[39mprisma [33m=[39m prisma[33m;[39m[0m
[?25h[2K[1G[31merror[39m Command failed with exit code 1.
[2K[1G[34minfo[39m Visit [1mhttps://yarnpkg.com/en/docs/cli/run[22m for documentation about this command.
